[celebrationsballoon.wordpress.com/index.html]
[backblue.gif]
[fade.gif]
[index.html]
[s1.wp.com/wp-content/blog-plugins/marketing-bar/css/marketing-bar31b8.css]
[celebrationsballoon.wordpress.com/feed/index.html]
[celebrationsballoon.wordpress.com/comments/feed/index.html]
[s1.wp.com/wp-content/plugins/gutenberg-core/v18.0.0/build/block-library/blocks/navigation/style72a3.css]
[s1.wp.com/wp-content/plugins/gutenberg-core/v18.0.0/build/block-library/blocks/image/style72a3.css]
[widgets.wp.com/verbum-block-editor/block-editor0a16.css]
[celebrationsballoon.wordpress.com/xmlrpc0db0.php]
[celebrationsballoon.wordpress.com/osd.xml]
[s2.wp.com/wp-includes/js/dist/vendor/wp-polyfill-importmap.mine150.js]
[s1.wp.com/wp-content/plugins/gutenberg-core/v18.0.0/build/interactivity/navigation.mine5ef.js]
[s0.wp.com/wp-content/plugins/gutenberg-core/v18.0.0/build/interactivity/index.mine5ef.js]
[celebrationsballoon.wordpress.com/wp-content/uploads/2024/04/site-logo76ca.png]
[celebrationsballoon.wordpress.com/wp-content/uploads/2024/04/site-logo9939.png]
[celebrationsballoon.wordpress.com/wp-content/uploads/2024/04/site-logoad83.png]
[celebrationsballoon.wordpress.com/wp-content/uploads/2024/04/site-logo.png]
[celebrationsballoon.wordpress.com/wp-content/uploads/2024/04/site-logobf83.png]
[celebrationsballoon.wordpress.com/about/index.html]
[0.gravatar.com/js/hovercards/hovercards.minb021.js]
[celebrationsballoon.wordpress.com/2024/04/04/the-art-of-connection/index.html]
[celebrationsballoon.wordpress.com/author/shivanshbeasty601/index.html]
[celebrationsballoon.wordpress.com/category/uncategorized/index.html]
[s2.wp.com/wp-content/mu-plugins/gravatar-hovercards/wpgrohoe8bd.js]
[celebrationsballoon.wordpress.com/2024/04/04/growth-unlocked/index.html]
[celebrationsballoon.wordpress.com/2024/04/04/beyond-the-obstacle/index.html]
[celebrationsballoon.wordpress.com/2024/04/04/collaboration-magic/index.html]
[celebrationsballoon.wordpress.com/wp-content/uploads/2024/04/site-logoae05.png]
[celebrationsballoon.wordpress.com/2024/04/04/teamwork-triumphs/index.html]
[celebrationsballoon.wordpress.com/2024/04/04/adaptive-advantage/index.html]
[s0.wp.com/wp-content/mu-plugins/actionbar/actionbarf84d.css]
[s0.wp.com/wp-content/mu-plugins/actionbar/actionbar4dc1.js]
[stats.wp.com/w735b.js]
[celebrationsballoon.wordpress.com/wp-content/plugins/ie-sitemode/custom-jumplist.php]
[pixel.wp.com/b0b80.gif]
[celebrationsballoon.wordpress.com/index.html]
[s1.wp.com/wp-content/blog-plugins/marketing-bar/css/marketing-bar31b8.css]
[s1.wp.com/wp-content/plugins/gutenberg-core/v18.0.0/build/block-library/blocks/navigation/style72a3.css]
[s1.wp.com/wp-content/plugins/gutenberg-core/v18.0.0/build/block-library/blocks/image/style72a3.css]
[celebrationsballoon.wordpress.com/wp-content/js/bilmur.min56b5.js]
[s1.wp.com/_static/indexd02a.html]
[widgets.wp.com/verbum-block-editor/block-editor0a16.css]
[s2.wp.com/wp-content/themes/h4/globalf753.css]
[celebrationsballoon.wordpress.com/about/feed/index.html]
[celebrationsballoon.wordpress.com/about/index.html]
[s1.wp.com/wp-content/mu-plugins/comment-likes/js/comment-likes9835.js]
[celebrationsballoon.wordpress.com/wp-content/uploads/2024/04/0565b-tt4_post_175cc.jpg]
[celebrationsballoon.wordpress.com/wp-content/uploads/2024/04/0565b-tt4_post_1e57d.jpg]
[celebrationsballoon.wordpress.com/2024/04/04/the-art-of-connection/index.html]
[celebrationsballoon.wordpress.com/wp-content/uploads/2024/04/1ceb1-tt4_post_275cc.jpg]
[celebrationsballoon.wordpress.com/wp-content/uploads/2024/04/b3f2c-tt4_post_3-scaled-175cc.jpg]
[celebrationsballoon.wordpress.com/author/shivanshbeasty601/feed/index.html]
[celebrationsballoon.wordpress.com/author/shivanshbeasty601/index.html]
[celebrationsballoon.wordpress.com/category/uncategorized/feed/index.html]
[celebrationsballoon.wordpress.com/category/uncategorized/index.html]
[celebrationsballoon.wordpress.com/2024/04/04/beyond-the-obstacle/index.html]
[celebrationsballoon.wordpress.com/2024/04/04/growth-unlocked/index.html]
[celebrationsballoon.wordpress.com/2024/04/04/collaboration-magic/index.html]
[celebrationsballoon.wordpress.com/2024/04/04/teamwork-triumphs/index.html]
[celebrationsballoon.wordpress.com/2024/04/04/adaptive-advantage/index.html]
[s0.wp.com/wp-content/mu-plugins/actionbar/actionbarf84d.css]
